   Compiling less2 v0.1.0 (/home/fredrik/git/fredrikpe/less2)
warning: unused import: `input::LEvent`
 --> src/file_buffer.rs:7:5
  |
7 | use input::LEvent;
  |     ^^^^^^^^^^^^^
  |
  = note: #[warn(unused_imports)] on by default

warning: unused import: `screen`
 --> src/file_buffer.rs:9:5
  |
9 | use screen;
  |     ^^^^^^

warning: unused import: `unicode_segmentation::GraphemeIndices`
 --> src/string_util.rs:1:5
  |
1 | use unicode_segmentation::GraphemeIndices;
  |     ^^^^^^^^^^^^^^^^^^^^^^^^^^^^^^^^^^^^^

warning: unused variable: `size`
  --> src/file_buffer.rs:51:19
   |
51 |         let (buf, size) = self.make_buf_down()?;
   |                   ^^^^ help: consider using `_size` instead
   |
   = note: #[warn(unused_variables)] on by default

warning: value assigned to `bytes_read` is never read
  --> src/file_buffer.rs:75:17
   |
75 |         let mut bytes_read: i64 = 0;
   |                 ^^^^^^^^^^
   |
   = note: #[warn(unused_assignments)] on by default

warning: unused variable: `e`
  --> src/file_buffer.rs:89:17
   |
89 |             Err(e) => Err(std::io::Error::new(std::io::ErrorKind::Other, "from tfu8")),
   |                 ^ help: consider using `_e` instead

warning: unused variable: `new_pos`
   --> src/file_buffer.rs:100:13
    |
100 |         let new_pos = self.reader.seek(SeekFrom::Current(-(size as i64)))?;
    |             ^^^^^^^ help: consider using `_new_pos` instead

warning: unused variable: `bytes_read`
   --> src/file_buffer.rs:102:13
    |
102 |         let bytes_read = self.reader.read(&mut buf[..size])?;
    |             ^^^^^^^^^^ help: consider using `_bytes_read` instead

warning: unused variable: `reader`
  --> src/printer.rs:77:9
   |
77 |         reader: &mut BiBufReader<R>,
   |         ^^^^^^ help: consider using `_reader` instead

warning: field is never used: `line_num_cache`
  --> src/file_buffer.rs:15:5
   |
15 |     line_num_cache: LineNumCache,
   |     ^^^^^^^^^^^^^^^^^^^^^^^^^^^^
   |
   = note: #[warn(dead_code)] on by default

warning: method is never used: `prev`
  --> src/line_num_cache.rs:25:5
   |
25 |     pub fn prev(&mut self, offset: usize) -> Option<(LineNum, i64)> {
   |     ^^^^^^^^^^^^^^^^^^^^^^^^^^^^^^^^^^^^^^^^^^^^^^^^^^^^^^^^^^^^^^^

warning: method is never used: `closest`
  --> src/line_num_cache.rs:40:5
   |
40 |     pub fn closest(&mut self, offset: usize) -> Option<(LineNum, i64)> {
   |     ^^^^^^^^^^^^^^^^^^^^^^^^^^^^^^^^^^^^^^^^^^^^^^^^^^^^^^^^^^^^^^^^^^

warning: method is never used: `print2`
  --> src/printer.rs:75:5
   |
75 | /     pub fn print2<R: Read + Seek>(
76 | |         &mut self,
77 | |         reader: &mut BiBufReader<R>,
78 | |     ) -> Result<(), ()> {
...  |
84 | |         Ok(())
85 | |     }
   | |_____^

warning: function is never used: `nth_grapheme_offset`
 --> src/string_util.rs:4:1
  |
4 | pub fn nth_grapheme_offset(buf: &str, n: usize) -> Option<usize> {
  | ^^^^^^^^^^^^^^^^^^^^^^^^^^^^^^^^^^^^^^^^^^^^^^^^^^^^^^^^^^^^^^^^

warning: function is never used: `next_newline_offset`
  --> src/string_util.rs:14:1
   |
14 | pub fn next_newline_offset(buf: &str) -> Option<usize> {
   | ^^^^^^^^^^^^^^^^^^^^^^^^^^^^^^^^^^^^^^^^^^^^^^^^^^^^^^

warning: function is never used: `aprev_newline_offset`
  --> src/string_util.rs:21:1
   |
21 | pub fn aprev_newline_offset(buf: &str) -> Option<usize> {
   | ^^^^^^^^^^^^^^^^^^^^^^^^^^^^^^^^^^^^^^^^^^^^^^^^^^^^^^^

warning: function is never used: `find_offset`
  --> src/string_util.rs:28:1
   |
28 | / pub fn find_offset<'a, P, I: Iterator<Item = (usize, &'a str)>>(
29 | |     grapheme_indices: I,
30 | |     mut predicate: P,
31 | | ) -> Option<usize>
...  |
41 | |     None
42 | | }
   | |_^

warning: function is never used: `first_newline_wrapped`
  --> src/string_util.rs:60:1
   |
60 | pub fn first_newline_wrapped(buf: &str, screen_width: usize) -> Option<usize> {
   | ^^^^^^^^^^^^^^^^^^^^^^^^^^^^^^^^^^^^^^^^^^^^^^^^^^^^^^^^^^^^^^^^^^^^^^^^^^^^^

warning: function is never used: `last_newline_wrapped`
  --> src/string_util.rs:64:1
   |
64 | pub fn last_newline_wrapped(buf: &str, screen_width: usize) -> Option<usize> {
   | ^^^^^^^^^^^^^^^^^^^^^^^^^^^^^^^^^^^^^^^^^^^^^^^^^^^^^^^^^^^^^^^^^^^^^^^^^^^^

warning: function is never used: `last_newline_offset`
  --> src/string_util.rs:77:1
   |
77 | pub fn last_newline_offset(buf: &str) -> Option<usize> {
   | ^^^^^^^^^^^^^^^^^^^^^^^^^^^^^^^^^^^^^^^^^^^^^^^^^^^^^^

warning: function is never used: `snd_last_newline_wrapped`
   --> src/string_util.rs:109:1
    |
109 | pub fn snd_last_newline_wrapped(buf: &str, screen_width: usize) -> usize {
    | ^^^^^^^^^^^^^^^^^^^^^^^^^^^^^^^^^^^^^^^^^^^^^^^^^^^^^^^^^^^^^^^^^^^^^^^^

    Finished dev [unoptimized + debuginfo] target(s) in 1.22s
     Running `target/debug/less2 --input_file src/main.rs`
.
cur_pos: 0
page size 4864
page size 4864
.
cur_pos: 19
page size 4864
page size 4864
.
cur_pos: 41
page size 4864
page size 4864
.
cur_pos: 73
page size 4864
page size 4864
.
cur_pos: 76
page size 4864
page size 4864
.
cur_pos: 77
page size 4864
NoOp
half screen 19
page size 4864
.
cur_pos: 364
page size 4864
NoOp
half screen 19
page size 4864
.
cur_pos: 706
page size 4864
NoOp
half screen 19
page size 4864
.
cur_pos: 1052
page size 4864
NoOp
half screen 19
page size 4864
nth 706
1052, 346
.
cur_pos: 706
page size 4864
NoOp
half screen 19
page size 4864
nth 364
706, 342
.
cur_pos: 364
page size 4864
NoOp
half screen 19
page size 4864
nth 77
364, 287
.
cur_pos: 77
page size 4864
NoOp
half screen 19
page size 4864
nth 0
77, 77
.
cur_pos: 0
page size 4864
NoOp
half screen 19
page size 4864
nth 0
0, 0
.
cur_pos: 0
page size 4864
NoOp
half screen 19
page size 4864
nth 0
0, 0
.
cur_pos: 0
page size 4864
